Using pre-set license
Built from '2020.3/staging' branch; Version is '2020.3.17f1 (a4537701e4ab) revision 10769271'; Using compiler version '192528614'; Build Type 'Release'
OS: 'Windows 10 Home; OS build 19044.2130; Version 2009; 64bit' Language: 'en' Physical Memory: 7543 MB
BatchMode: 1, IsHumanControllingUs: 0, StartBugReporterOnCrash: 0, Is64bit: 1, IsPro: 0

COMMAND LINE ARGUMENTS:
C:\Program Files\Unity\Hub\Editor\2020.3.17f1\Editor\Unity.exe
-adb2
-batchMode
-noUpm
-name
AssetImportWorker0
-projectPath
C:/Pretend This Is D/Projects/JamGame/RedSnow
-logFile
Logs/AssetImportWorker0.log
-srvPort
64401
Successfully changed project path to: C:/Pretend This Is D/Projects/JamGame/RedSnow
C:/Pretend This Is D/Projects/JamGame/RedSnow
Using Asset Import Pipeline V2.
Refreshing native plugins compatible for Editor in 32.39 ms, found 2 plugins.
Preloading 0 native plugins for Editor in 0.00 ms.
Initialize engine version: 2020.3.17f1 (a4537701e4ab)
[Subsystems] Discovering subsystems at path C:/Program Files/Unity/Hub/Editor/2020.3.17f1/Editor/Data/Resources/UnitySubsystems
[Subsystems] Discovering subsystems at path C:/Pretend This Is D/Projects/JamGame/RedSnow/Assets
GfxDevice: creating device client; threaded=0
Direct3D:
    Version:  Direct3D 11.0 [level 11.1]
    Renderer: AMD Radeon(TM) Graphics (ID=0x1636)
    Vendor:   
    VRAM:     3771 MB
    Driver:   27.20.11028.10001
Initialize mono
Mono path[0] = 'C:/Program Files/Unity/Hub/Editor/2020.3.17f1/Editor/Data/Managed'
Mono path[1] = 'C:/Program Files/Unity/Hub/Editor/2020.3.17f1/Editor/Data/MonoBleedingEdge/lib/mono/unityjit'
Mono config path = 'C:/Program Files/Unity/Hub/Editor/2020.3.17f1/Editor/Data/MonoBleedingEdge/etc'
Using monoOptions --debugger-agent=transport=dt_socket,embedding=1,server=y,suspend=n,address=127.0.0.1:56368
Begin MonoManager ReloadAssembly
Registering precompiled unity dll's ...
Register platform support module: C:/Program Files/Unity/Hub/Editor/2020.3.17f1/Editor/Data/PlaybackEngines/WindowsStandaloneSupport/UnityEditor.WindowsStandalone.Extensions.dll
Registered in 0.002025 seconds.
Native extension for WindowsStandalone target not found
Refreshing native plugins compatible for Editor in 30.55 ms, found 2 plugins.
Preloading 0 native plugins for Editor in 0.00 ms.
Mono: successfully reloaded assembly
- Completed reload, in  1.101 seconds
Domain Reload Profiling:
	ReloadAssembly (1101ms)
		BeginReloadAssembly (55ms)
			ExecutionOrderSort (0ms)
			DisableScriptedObjects (0ms)
			BackupInstance (0ms)
			ReleaseScriptingObjects (0ms)
			CreateAndSetChildDomain (1ms)
		EndReloadAssembly (444ms)
			LoadAssemblies (52ms)
			RebuildTransferFunctionScriptingTraits (0ms)
			SetupTypeCache (168ms)
			ReleaseScriptCaches (0ms)
			RebuildScriptCaches (33ms)
			SetupLoadedEditorAssemblies (169ms)
				LogAssemblyErrors (0ms)
				InitializePlatformSupportModulesInManaged (4ms)
				SetLoadedEditorAssemblies (0ms)
				RefreshPlugins (31ms)
				BeforeProcessingInitializeOnLoad (18ms)
				ProcessInitializeOnLoadAttributes (86ms)
				ProcessInitializeOnLoadMethodAttributes (30ms)
				AfterProcessingInitializeOnLoad (0ms)
				EditorAssembliesLoaded (0ms)
			ExecutionOrderSort2 (0ms)
			AwakeInstancesAfterBackupRestoration (0ms)
Platform modules already initialized, skipping
Registering precompiled user dll's ...
Registered in 0.003922 seconds.
Begin MonoManager ReloadAssembly
Native extension for WindowsStandalone target not found
Refreshing native plugins compatible for Editor in 0.35 ms, found 2 plugins.
Preloading 0 native plugins for Editor in 0.00 ms.
Mono: successfully reloaded assembly
- Completed reload, in  1.136 seconds
Domain Reload Profiling:
	ReloadAssembly (1137ms)
		BeginReloadAssembly (145ms)
			ExecutionOrderSort (0ms)
			DisableScriptedObjects (4ms)
			BackupInstance (0ms)
			ReleaseScriptingObjects (0ms)
			CreateAndSetChildDomain (19ms)
		EndReloadAssembly (930ms)
			LoadAssemblies (86ms)
			RebuildTransferFunctionScriptingTraits (0ms)
			SetupTypeCache (286ms)
			ReleaseScriptCaches (0ms)
			RebuildScriptCaches (42ms)
			SetupLoadedEditorAssemblies (415ms)
				LogAssemblyErrors (0ms)
				InitializePlatformSupportModulesInManaged (5ms)
				SetLoadedEditorAssemblies (0ms)
				RefreshPlugins (0ms)
				BeforeProcessingInitializeOnLoad (86ms)
				ProcessInitializeOnLoadAttributes (313ms)
				ProcessInitializeOnLoadMethodAttributes (4ms)
				AfterProcessingInitializeOnLoad (6ms)
				EditorAssembliesLoaded (1ms)
			ExecutionOrderSort2 (0ms)
			AwakeInstancesAfterBackupRestoration (8ms)
Platform modules already initialized, skipping
========================================================================
Worker process is ready to serve import requests
Launched and connected shader compiler UnityShaderCompiler.exe after 0.04 seconds
Refreshing native plugins compatible for Editor in 0.36 ms, found 2 plugins.
Preloading 0 native plugins for Editor in 0.00 ms.
Unloading 1397 Unused Serialized files (Serialized files now loaded: 0)
System memory in use before: 64.8 MB.
System memory in use after: 64.9 MB.

Unloading 18 unused Assets to reduce memory usage. Loaded Objects now: 1830.
Total: 3.554700 ms (FindLiveObjects: 0.223400 ms CreateObjectMapping: 0.073800 ms MarkObjects: 3.167100 ms  DeleteObjects: 0.088700 ms)

AssetImportParameters requested are different than current active one (requested -> active):
  custom:framework-win-MediaFoundation: 216162199b28c13a410421893ffa2e32 -> 
  custom:video-decoder-ogg-theora: a1e56fd34408186e4bbccfd4996cb3dc -> 
  custom:container-muxer-webm: aa71ff27fc2769a1b78a27578f13a17b -> 
  custom:container-demuxer-webm: 4f35f7cbe854078d1ac9338744f61a02 -> 
  custom:container-demuxer-ogg: 62fdf1f143b41e24485cea50d1cbac27 -> 
  custom:video-encoder-webm-vp8: eb34c28f22e8b96e1ab97ce403110664 -> 
  custom:video-codec-MediaFoundation-h265: 746d11721c4dcdbdad8f713fa42b33f4 -> 
  custom:video-decoder-webm-vp8: 9c59270c3fd7afecdb556c50c9e8de78 -> 
  custom:audio-decoder-ogg-vorbis: bf7c407c2cedff20999df2af8eb42d56 -> 
  custom:audio-encoder-webm-vorbis: bf7c407c2cedff20999df2af8eb42d56 -> 
========================================================================
Received Import Request.
  path: Assets/Scenes
  artifactKey: Guid(3f225e74bb76ac8478c30de8d60fb748) Importer(815301076,1909f56bfc062723c751e8b465ee728b)
Start importing Assets/Scenes using Guid(3f225e74bb76ac8478c30de8d60fb748) Importer(815301076,1909f56bfc062723c751e8b465ee728b)  -> (artifact id: '0ca3dd69c1a12c5b44e2fd3ddfe5d322') in 0.009982 seconds 
  Import took 0.012315 seconds .

========================================================================
Received Import Request.
  Time since last request: 0.000241 seconds.
  path: Assets
  artifactKey: Guid(00000000000000001000000000000000) Importer(815301076,1909f56bfc062723c751e8b465ee728b)
Start importing Assets using Guid(00000000000000001000000000000000) Importer(815301076,1909f56bfc062723c751e8b465ee728b)  -> (artifact id: '42d402b061de3733987d63b9cc3b64de') in 0.005771 seconds 
  Import took 0.008341 seconds .

========================================================================
Received Import Request.
  Time since last request: 3.159086 seconds.
  path: Assets/Scripts
  artifactKey: Guid(b3c4a54f03c1267499658ebb68bd123e) Importer(815301076,1909f56bfc062723c751e8b465ee728b)
Start importing Assets/Scripts using Guid(b3c4a54f03c1267499658ebb68bd123e) Importer(815301076,1909f56bfc062723c751e8b465ee728b)  -> (artifact id: '4721944d3c2dff23cf09203efaeca494') in 0.009746 seconds 
  Import took 0.012686 seconds .

========================================================================
Received Import Request.
  Time since last request: 5.981641 seconds.
  path: Assets/Fonts
  artifactKey: Guid(fd3851084f3c33145a6a0ff40f7c5f37) Importer(815301076,1909f56bfc062723c751e8b465ee728b)
Start importing Assets/Fonts using Guid(fd3851084f3c33145a6a0ff40f7c5f37) Importer(815301076,1909f56bfc062723c751e8b465ee728b)  -> (artifact id: 'd8c266f96f07e4d98bebd037677f1be4') in 0.011225 seconds 
  Import took 0.014476 seconds .

========================================================================
Received Import Request.
  Time since last request: 16.753221 seconds.
  path: Assets/2D art and assets
  artifactKey: Guid(641e9d2b7c3bcd44990ee837403f85e6) Importer(815301076,1909f56bfc062723c751e8b465ee728b)
Start importing Assets/2D art and assets using Guid(641e9d2b7c3bcd44990ee837403f85e6) Importer(815301076,1909f56bfc062723c751e8b465ee728b)  -> (artifact id: '7e9ea23e7c85647c1c3093c73a532325') in 0.010727 seconds 
  Import took 0.013488 seconds .

========================================================================
Received Import Request.
  Time since last request: 10.619611 seconds.
  path: Assets/3D art and assets
  artifactKey: Guid(b69e57252d778d847b69b2fce9769875) Importer(815301076,1909f56bfc062723c751e8b465ee728b)
Start importing Assets/3D art and assets using Guid(b69e57252d778d847b69b2fce9769875) Importer(815301076,1909f56bfc062723c751e8b465ee728b)  -> (artifact id: '2710a59079ee26d6e637869667422170') in 0.011894 seconds 
  Import took 0.015225 seconds .

========================================================================
Received Import Request.
  Time since last request: 7.439622 seconds.
  path: Assets/Resources
  artifactKey: Guid(988e6796f1a69cb41a3c3dd5ab278a7b) Importer(815301076,1909f56bfc062723c751e8b465ee728b)
Start importing Assets/Resources using Guid(988e6796f1a69cb41a3c3dd5ab278a7b) Importer(815301076,1909f56bfc062723c751e8b465ee728b)  -> (artifact id: '00d62557c7768b1304251e8515f23bd7') in 0.015095 seconds 
  Import took 0.018557 seconds .

========================================================================
Received Import Request.
  Time since last request: 371.971428 seconds.
  path: Assets/Materials
  artifactKey: Guid(7774911e378971044b685c18588ce73a) Importer(815301076,1909f56bfc062723c751e8b465ee728b)
Start importing Assets/Materials using Guid(7774911e378971044b685c18588ce73a) Importer(815301076,1909f56bfc062723c751e8b465ee728b)  -> (artifact id: 'f94a60ec738073fe3db129b6c8f10a43') in 0.012644 seconds 
  Import took 0.016291 seconds .

========================================================================
Received Import Request.
  Time since last request: 12.012317 seconds.
  path: Assets/Materials/TestMaterial1.mat
  artifactKey: Guid(11f695ea755e9a04796cc610a2e36088) Importer(815301076,1909f56bfc062723c751e8b465ee728b)
Start importing Assets/Materials/TestMaterial1.mat using Guid(11f695ea755e9a04796cc610a2e36088) Importer(815301076,1909f56bfc062723c751e8b465ee728b)  -> (artifact id: 'e375905c8a05f02d156798f1e9779fcf') in 0.120359 seconds 
  Import took 0.122940 seconds .

AssetImportWorkerClient::OnTransportError - code=2 error=End of file
